# JRE version: Java(TM) SE Runtime Environment (10.0.1+10) (build 10.0.1+10)
# Java VM: Java HotSpot(TM) 64-Bit Server VM (10.0.1+10, mixed mode, tiered, compressed oops, g1 gc, windows-amd64)
Heap:
 garbage-first heap   total 131072K, used 15116K [0x0000000081400000, 0x0000000100000000)
  region size 1024K, 10 young (10240K), 2 survivors (2048K)
 Metaspace       used 22502K, capacity 23205K, committed 23472K, reserved 1069056K
  class space    used 2753K, capacity 3129K, committed 3200K, reserved 1048576K
GC Heap History (6 events):
Event: 1.149 GC heap before
{Heap before GC invocations=0 (full 0):
 garbage-first heap   total 131072K, used 14336K [0x0000000081400000, 0x0000000100000000)
  region size 1024K, 14 young (14336K), 0 survivors (0K)
 Metaspace       used 14906K, capacity 15280K, committed 15488K, reserved 1062912K
  class space    used 1655K, capacity 1822K, committed 1920K, reserved 1048576K
}
Event: 1.156 GC heap after
{Heap after GC invocations=1 (full 0):
 garbage-first heap   total 131072K, used 3971K [0x0000000081400000, 0x0000000100000000)
  region size 1024K, 2 young (2048K), 2 survivors (2048K)
 Metaspace       used 14906K, capacity 15280K, committed 15488K, reserved 1062912K
  class space    used 1655K, capacity 1822K, committed 1920K, reserved 1048576K
}
Event: 1.542 GC heap before
{Heap before GC invocations=1 (full 0):
 garbage-first heap   total 131072K, used 8067K [0x0000000081400000, 0x0000000100000000)
  region size 1024K, 6 young (6144K), 2 survivors (2048K)
 Metaspace       used 17827K, capacity 18388K, committed 18816K, reserved 1064960K
  class space    used 2138K, capacity 2379K, committed 2432K, reserved 1048576K
}
Event: 1.548 GC heap after
{Heap after GC invocations=2 (full 0):
 garbage-first heap   total 131072K, used 4902K [0x0000000081400000, 0x0000000100000000)
  region size 1024K, 1 young (1024K), 1 survivors (1024K)
 Metaspace       used 17827K, capacity 18388K, committed 18816K, reserved 1064960K
  class space    used 2138K, capacity 2379K, committed 2432K, reserved 1048576K
}
Event: 2.469 GC heap before
{Heap before GC invocations=2 (full 0):
 garbage-first heap   total 131072K, used 11046K [0x0000000081400000, 0x0000000100000000)
  region size 1024K, 6 young (6144K), 1 survivors (1024K)
 Metaspace       used 20450K, capacity 21084K, committed 21296K, reserved 1069056K
  class space    used 2484K, capacity 2789K, committed 2816K, reserved 1048576K
}
Event: 2.472 GC heap after
{Heap after GC invocations=3 (full 0):
 garbage-first heap   total 131072K, used 7948K [0x0000000081400000, 0x0000000100000000)
  region size 1024K, 2 young (2048K), 2 survivors (2048K)
 Metaspace       used 20450K, capacity 21084K, committed 21296K, reserved 1069056K
  class space    used 2484K, capacity 2789K, committed 2816K, reserved 1048576K
}

